#
# There is insufficient memory for the Java Runtime Environment to continue.
# Native memory allocation (mmap) failed to map 38273024 bytes for committing reserved memory.
# Possible reasons:
#   The system is out of physical RAM or swap space
#   The process is running with CompressedOops enabled, and the Java Heap may be blocking the growth of the native heap
# Possible solutions:
#   Reduce memory load on the system
#   Increase physical memory or swap space
#   Check if swap backing store is full
#   Decrease Java heap size (-Xmx/-Xms)
#   Decrease number of Java threads
#   Decrease Java thread stack sizes (-Xss)
#   Set larger code cache with -XX:ReservedCodeCacheSize=
#   JVM is running with Unscaled Compressed Oops mode in which the Java heap is
#     placed in the first 4GB address space. The Java Heap base address is the
#     maximum limit for the native heap growth. Please use -XX:HeapBaseMinAddress
#     to set the Java Heap base and to place the Java Heap above 4GB virtual address.
# This output file may be truncated or incomplete.
#
#  Out of Memory Error (os_linux.cpp:2753), pid=19605, tid=0x00007fc9933f3700
#
# JRE version: OpenJDK Runtime Environment (8.0_212-b01) (build 1.8.0_212-b01)
# Java VM: OpenJDK 64-Bit Server VM (25.212-b01 mixed mode linux-amd64 compressed oops)
# Core dump written. Default location: /home/joan/Documents/workspace-spring-tool-suite-4-4.2.0.RELEASE/cursomc/core or core.19605
#

---------------  T H R E A D  ---------------

Current thread (0x00007fc9c4082000):  VMThread [stack: 0x00007fc9932f4000,0x00007fc9933f4000] [id=19621]

Stack: [0x00007fc9932f4000,0x00007fc9933f4000],  sp=0x00007fc9933f2480,  free space=1017k
Native frames: (J=compiled Java code, j=interpreted, Vv=VM code, C=native code)
V  [libjvm.so+0xa3210c]
V  [libjvm.so+0x4ba3ca]
V  [libjvm.so+0x89379c]
V  [libjvm.so+0x88abff]
V  [libjvm.so+0x9045ef]
V  [libjvm.so+0x904e91]
V  [libjvm.so+0x9056cb]
V  [libjvm.so+0x9025af]
V  [libjvm.so+0x9029dc]
V  [libjvm.so+0x8b52da]
V  [libjvm.so+0xa33ec9]
V  [libjvm.so+0xa391f7]
V  [libjvm.so+0xa36d60]
V  [libjvm.so+0xa37f2d]
V  [libjvm.so+0xa3818e]
V  [libjvm.so+0x890ba4]

VM_Operation (0x00007fc992e087e0): ParallelGCFailedAllocation, mode: safepoint, requested by thread 0x00007fc9c40c2800


---------------  P R O C E S S  ---------------

Java Threads: ( => current thread )
  0x00007fc950008000 JavaThread "JMX server connection timeout 18" daemon [_thread_blocked, id=19639, stack(0x00007fc99198c000,0x00007fc991a8d000)]
  0x00007fc94c00a000 JavaThread "RMI Scheduler(0)" daemon [_thread_blocked, id=19638, stack(0x00007fc991a8d000,0x00007fc991b8e000)]
  0x00007fc964001800 JavaThread "RMI TCP Connection(2)-127.0.0.1" daemon [_thread_blocked, id=19637, stack(0x00007fc991b8e000,0x00007fc991c8f000)]
  0x00007fc95c001800 JavaThread "RMI TCP Connection(1)-127.0.0.1" daemon [_thread_blocked, id=19635, stack(0x00007fc991c8f000,0x00007fc991d90000)]
  0x00007fc9c43c3800 JavaThread "RMI TCP Accept-0" daemon [_thread_in_native, id=19632, stack(0x00007fc9923b8000,0x00007fc9924b9000)]
  0x00007fc9c4385800 JavaThread "RMI TCP Accept-38715" daemon [_thread_in_native, id=19631, stack(0x00007fc9924df000,0x00007fc9925e0000)]
  0x00007fc9c4371000 JavaThread "RMI TCP Accept-0" daemon [_thread_in_native, id=19630, stack(0x00007fc9925e0000,0x00007fc9926e1000)]
  0x00007fc9c40e0000 JavaThread "Service Thread" daemon [_thread_blocked, id=19629, stack(0x00007fc992805000,0x00007fc992906000)]
  0x00007fc9c40ca800 JavaThread "C1 CompilerThread3" daemon [_thread_blocked, id=19628, stack(0x00007fc992907000,0x00007fc992a07000)]
  0x00007fc9c40c8800 JavaThread "C2 CompilerThread2" daemon [_thread_blocked, id=19627, stack(0x00007fc992a08000,0x00007fc992b08000)]
  0x00007fc9c40c6800 JavaThread "C2 CompilerThread1" daemon [_thread_blocked, id=19626, stack(0x00007fc992b09000,0x00007fc992c09000)]
  0x00007fc9c40c4000 JavaThread "C2 CompilerThread0" daemon [_thread_blocked, id=19625, stack(0x00007fc992c0a000,0x00007fc992d0a000)]
  0x00007fc9c40c2800 JavaThread "Signal Dispatcher" daemon [_thread_blocked, id=19624, stack(0x00007fc992d0a000,0x00007fc992e0b000)]
  0x00007fc9c408e800 JavaThread "Finalizer" daemon [_thread_blocked, id=19623, stack(0x00007fc9930f1000,0x00007fc9931f2000)]
  0x00007fc9c408c000 JavaThread "Reference Handler" daemon [_thread_blocked, id=19622, stack(0x00007fc9931f2000,0x00007fc9932f3000)]
  0x00007fc9c400d000 JavaThread "main" [_thread_blocked, id=19612, stack(0x00007fc9cbac3000,0x00007fc9cbbc3000)]

Other Threads:
=>0x00007fc9c4082000 VMThread [stack: 0x00007fc9932f4000,0x00007fc9933f4000] [id=19621]
  0x00007fc9c43c5800 WatcherThread [stack: 0x00007fc9922b8000,0x00007fc9923b8000] [id=19633]

VM state:at safepoint (normal execution)

VM Mutex/Monitor currently owned by a thread:  ([mutex/lock_event])
[0x00007fc9c400a0c0] Threads_lock - owner thread: 0x00007fc9c4082000
[0x00007fc9c400a5c0] Heap_lock - owner thread: 0x00007fc9c40c2800

heap address: 0x00000000c4200000, size: 958 MB, Compressed Oops mode: 32-bit
Narrow klass base: 0x0000000000000000, Narrow klass shift: 3
Compressed class space size: 1073741824 Address: 0x0000000100000000

Heap:
 PSYoungGen      total 54272K, used 6639K [0x00000000ec100000, 0x00000000f0880000, 0x0000000100000000)
  eden space 47616K, 0% used [0x00000000ec100000,0x00000000ec100000,0x00000000eef80000)
  from space 6656K, 99% used [0x00000000efb80000,0x00000000f01fbd10,0x00000000f0200000)
  to   space 4608K, 0% used [0x00000000f0400000,0x00000000f0400000,0x00000000f0880000)
 ParOldGen       total 34816K, used 12994K [0x00000000c4200000, 0x00000000c6400000, 0x00000000ec100000)
  object space 34816K, 37% used [0x00000000c4200000,0x00000000c4eb0b58,0x00000000c6400000)
 Metaspace       used 27308K, capacity 28540K, committed 28800K, reserved 1075200K
  class space    used 3576K, capacity 3850K, committed 3968K, reserved 1048576K

Card table byte_map: [0x00007fc9cb4e8000,0x00007fc9cb6c8000] byte_map_base: 0x00007fc9caec7000

Marking Bits: (ParMarkBitMap*) 0x00007fc9cc9dec80
 Begin Bits: [0x00007fc9c8db0000, 0x00007fc9c9ca8000)
 End Bits:   [0x00007fc9c9ca8000, 0x00007fc9caba0000)

Polling page: 0x00007fc9cce77000

CodeCache: size=245760Kb used=5462Kb max_used=5462Kb free=240297Kb
 bounds [0x00007fc9b5000000, 0x00007fc9b5560000, 0x00007fc9c4000000]
 total_blobs=2933 nmethods=2521 adapters=325
 compilation: enabled

Compilation events (10 events):
Event: 4,571 Thread 0x00007fc9c40ca800 2515       1       java.util.Dictionary::<init> (5 bytes)
Event: 4,571 Thread 0x00007fc9c40ca800 nmethod 2515 0x00007fc9b55523d0 code [0x00007fc9b5552520, 0x00007fc9b5552630]
Event: 4,609 Thread 0x00007fc9c40ca800 2517   !   1       java.util.jar.Attributes::read (380 bytes)
Event: 4,634 Thread 0x00007fc9c40ca800 nmethod 2517 0x00007fc9b5552690 code [0x00007fc9b55529c0, 0x00007fc9b5553c28]
Event: 4,639 Thread 0x00007fc9c40ca800 2518       1       java.util.zip.ZipInputStream::readFully (44 bytes)
Event: 4,639 Thread 0x00007fc9c40ca800 nmethod 2518 0x00007fc9b5554c50 code [0x00007fc9b5554dc0, 0x00007fc9b5554ff8]
Event: 4,661 Thread 0x00007fc9c40ca800 2519       1       java.io.FileInputStream::read (8 bytes)
Event: 4,661 Thread 0x00007fc9c40ca800 nmethod 2519 0x00007fc9b5555110 code [0x00007fc9b5555280, 0x00007fc9b55553a8]
Event: 4,714 Thread 0x00007fc9c40ca800 2521       1       java.io.ObjectStreamClass::getFields (22 bytes)
Event: 4,721 Thread 0x00007fc9c40ca800 nmethod 2521 0x00007fc9b5555790 code [0x00007fc9b5555900, 0x00007fc9b5555a88]

GC Heap History (10 events):
Event: 1,196 GC heap after
Heap after GC invocations=3 (full 0):
 PSYoungGen      total 17920K, used 2560K [0x00000000ec100000, 0x00000000ee400000, 0x0000000100000000)
  eden space 15360K, 0% used [0x00000000ec100000,0x00000000ec100000,0x00000000ed000000)
  from space 2560K, 100% used [0x00000000ed000000,0x00000000ed280000,0x00000000ed280000)
  to   space 2560K, 0% used [0x00000000ee180000,0x00000000ee180000,0x00000000ee400000)
 ParOldGen       total 40960K, used 4372K [0x00000000c4200000, 0x00000000c6a00000, 0x00000000ec100000)
  object space 40960K, 10% used [0x00000000c4200000,0x00000000c4645388,0x00000000c6a00000)
 Metaspace       used 14301K, capacity 14802K, committed 14848K, reserved 1062912K
  class space    used 1871K, capacity 2025K, committed 2048K, reserved 1048576K
}
Event: 1,275 GC heap before
{Heap before GC invocations=4 (full 0):
 PSYoungGen      total 17920K, used 17920K [0x00000000ec100000, 0x00000000ee400000, 0x0000000100000000)
  eden space 15360K, 100% used [0x00000000ec100000,0x00000000ed000000,0x00000000ed000000)
  from space 2560K, 100% used [0x00000000ed000000,0x00000000ed280000,0x00000000ed280000)
  to   space 2560K, 0% used [0x00000000ee180000,0x00000000ee180000,0x00000000ee400000)
 ParOldGen       total 40960K, used 4372K [0x00000000c4200000, 0x00000000c6a00000, 0x00000000ec100000)
  object space 40960K, 10% used [0x00000000c4200000,0x00000000c4645388,0x00000000c6a00000)
 Metaspace       used 16052K, capacity 16526K, committed 16640K, reserved 1062912K
  class space    used 2110K, capacity 2233K, committed 2304K, reserved 1048576K
Event: 1,279 GC heap after
Heap after GC invocations=4 (full 0):
 PSYoungGen      total 33280K, used 2560K [0x00000000ec100000, 0x00000000ee400000, 0x0000000100000000)
  eden space 30720K, 0% used [0x00000000ec100000,0x00000000ec100000,0x00000000edf00000)
  from space 2560K, 100% used [0x00000000ee180000,0x00000000ee400000,0x00000000ee400000)
  to   space 2560K, 0% used [0x00000000edf00000,0x00000000edf00000,0x00000000ee180000)
 ParOldGen       total 40960K, used 6519K [0x00000000c4200000, 0x00000000c6a00000, 0x00000000ec100000)
  object space 40960K, 15% used [0x00000000c4200000,0x00000000c485dfb8,0x00000000c6a00000)
 Metaspace       used 16052K, capacity 16526K, committed 16640K, reserved 1062912K
  class space    used 2110K, capacity 2233K, committed 2304K, reserved 1048576K
}
Event: 1,587 GC heap before
{Heap before GC invocations=5 (full 0):
 PSYoungGen      total 33280K, used 32028K [0x00000000ec100000, 0x00000000ee400000, 0x0000000100000000)
  eden space 30720K, 95% used [0x00000000ec100000,0x00000000eddc73b8,0x00000000edf00000)
  from space 2560K, 100% used [0x00000000ee180000,0x00000000ee400000,0x00000000ee400000)
  to   space 2560K, 0% used [0x00000000edf00000,0x00000000edf00000,0x00000000ee180000)
 ParOldGen       total 40960K, used 6519K [0x00000000c4200000, 0x00000000c6a00000, 0x00000000ec100000)
  object space 40960K, 15% used [0x00000000c4200000,0x00000000c485dfb8,0x00000000c6a00000)
 Metaspace       used 20593K, capacity 21170K, committed 21296K, reserved 1067008K
  class space    used 2670K, capacity 2819K, committed 2944K, reserved 1048576K
Event: 1,601 GC heap after
Heap after GC invocations=5 (full 0):
 PSYoungGen      total 33280K, used 2543K [0x00000000ec100000, 0x00000000f0b00000, 0x0000000100000000)
  eden space 30720K, 0% used [0x00000000ec100000,0x00000000ec100000,0x00000000edf00000)
  from space 2560K, 99% used [0x00000000edf00000,0x00000000ee17bea8,0x00000000ee180000)
  to   space 7168K, 0% used [0x00000000f0400000,0x00000000f0400000,0x00000000f0b00000)
 ParOldGen       total 40960K, used 11021K [0x00000000c4200000, 0x00000000c6a00000, 0x00000000ec100000)
  object space 40960K, 26% used [0x00000000c4200000,0x00000000c4cc36c0,0x00000000c6a00000)
 Metaspace       used 20593K, capacity 21170K, committed 21296K, reserved 1067008K
  class space    used 2670K, capacity 2819K, committed 2944K, reserved 1048576K
}
Event: 1,602 GC heap before
{Heap before GC invocations=6 (full 1):
 PSYoungGen      total 33280K, used 2543K [0x00000000ec100000, 0x00000000f0b00000, 0x0000000100000000)
  eden space 30720K, 0% used [0x00000000ec100000,0x00000000ec100000,0x00000000edf00000)
  from space 2560K, 99% used [0x00000000edf00000,0x00000000ee17bea8,0x00000000ee180000)
  to   space 7168K, 0% used [0x00000000f0400000,0x00000000f0400000,0x00000000f0b00000)
 ParOldGen       total 40960K, used 11021K [0x00000000c4200000, 0x00000000c6a00000, 0x00000000ec100000)
  object space 40960K, 26% used [0x00000000c4200000,0x00000000c4cc36c0,0x00000000c6a00000)
 Metaspace       used 20593K, capacity 21170K, committed 21296K, reserved 1067008K
  class space    used 2670K, capacity 2819K, committed 2944K, reserved 1048576K
Event: 1,639 GC heap after
Heap after GC invocations=6 (full 1):
 PSYoungGen      total 33280K, used 0K [0x00000000ec100000, 0x00000000f0b00000, 0x0000000100000000)
  eden space 30720K, 0% used [0x00000000ec100000,0x00000000ec100000,0x00000000edf00000)
  from space 2560K, 0% used [0x00000000edf00000,0x00000000edf00000,0x00000000ee180000)
  to   space 7168K, 0% used [0x00000000f0400000,0x00000000f0400000,0x00000000f0b00000)
 ParOldGen       total 34816K, used 8092K [0x00000000c4200000, 0x00000000c6400000, 0x00000000ec100000)
  object space 34816K, 23% used [0x00000000c4200000,0x00000000c49e7050,0x00000000c6400000)
 Metaspace       used 20592K, capacity 21164K, committed 21296K, reserved 1067008K
  class space    used 2669K, capacity 2818K, committed 2944K, reserved 1048576K
}
Event: 2,870 GC heap before
{Heap before GC invocations=7 (full 1):
 PSYoungGen      total 33280K, used 30720K [0x00000000ec100000, 0x00000000f0b00000, 0x0000000100000000)
  eden space 30720K, 100% used [0x00000000ec100000,0x00000000edf00000,0x00000000edf00000)
  from space 2560K, 0% used [0x00000000edf00000,0x00000000edf00000,0x00000000ee180000)
  to   space 7168K, 0% used [0x00000000f0400000,0x00000000f0400000,0x00000000f0b00000)
 ParOldGen       total 34816K, used 8092K [0x00000000c4200000, 0x00000000c6400000, 0x00000000ec100000)
  object space 34816K, 23% used [0x00000000c4200000,0x00000000c49e7050,0x00000000c6400000)
 Metaspace       used 22427K, capacity 23204K, committed 23424K, reserved 1069056K
  class space    used 2941K, capacity 3150K, committed 3200K, reserved 1048576K
Event: 2,899 GC heap after
Heap after GC invocations=7 (full 1):
 PSYoungGen      total 52224K, used 4164K [0x00000000ec100000, 0x00000000f0880000, 0x0000000100000000)
  eden space 47616K, 0% used [0x00000000ec100000,0x00000000ec100000,0x00000000eef80000)
  from space 4608K, 90% used [0x00000000f0400000,0x00000000f08113f0,0x00000000f0880000)
  to   space 6656K, 0% used [0x00000000efb80000,0x00000000efb80000,0x00000000f0200000)
 ParOldGen       total 34816K, used 8164K [0x00000000c4200000, 0x00000000c6400000, 0x00000000ec100000)
  object space 34816K, 23% used [0x00000000c4200000,0x00000000c49f9060,0x00000000c6400000)
 Metaspace       used 22427K, capacity 23204K, committed 23424K, reserved 1069056K
  class space    used 2941K, capacity 3150K, committed 3200K, reserved 1048576K
}
Event: 4,793 GC heap before
{Heap before GC invocations=8 (full 1):
 PSYoungGen      total 52224K, used 51780K [0x00000000ec100000, 0x00000000f0880000, 0x0000000100000000)
  eden space 47616K, 100% used [0x00000000ec100000,0x00000000eef80000,0x00000000eef80000)
  from space 4608K, 90% used [0x00000000f0400000,0x00000000f08113f0,0x00000000f0880000)
  to   space 6656K, 0% used [0x00000000efb80000,0x00000000efb80000,0x00000000f0200000)
 ParOldGen       total 34816K, used 8164K [0x00000000c4200000, 0x00000000c6400000, 0x00000000ec100000)
  object space 34816K, 23% used [0x00000000c4200000,0x00000000c49f9060,0x00000000c6400000)
 Metaspace       used 27308K, capacity 28540K, committed 28800K, reserved 1075200K
  class space    used 3576K, capacity 3850K, committed 3968K, reserved 1048576K

Deoptimization events (0 events):
No events

Classes redefined (0 events):
No events

Internal exceptions (10 events):
Event: 3,813 Thread 0x00007fc9c400d000 Exception <a 'java/lang/ArrayIndexOutOfBoundsException'> (0x00000000ed8e8710) thrown at [/build/java8-openjdk/src/jdk8u-jdk8u212-b01/hotspot/src/share/vm/runtime/sharedRuntime.cpp, line 605]
Event: 3,823 Thread 0x00007fc9c400d000 Exception <a 'java/lang/ArrayIndexOutOfBoundsException'> (0x00000000ed8fdc88) thrown at [/build/java8-openjdk/src/jdk8u-jdk8u212-b01/hotspot/src/share/vm/runtime/sharedRuntime.cpp, line 605]
Event: 3,823 Thread 0x00007fc9c400d000 Exception <a 'java/lang/ArrayIndexOutOfBoundsException'> (0x00000000ed8ffc20) thrown at [/build/java8-openjdk/src/jdk8u-jdk8u212-b01/hotspot/src/share/vm/runtime/sharedRuntime.cpp, line 605]
Event: 3,824 Thread 0x00007fc9c400d000 Exception <a 'java/lang/ArrayIndexOutOfBoundsException'> (0x00000000ed915230) thrown at [/build/java8-openjdk/src/jdk8u-jdk8u212-b01/hotspot/src/share/vm/runtime/sharedRuntime.cpp, line 605]
Event: 3,983 Thread 0x00007fc9c400d000 Exception <a 'java/lang/ArrayIndexOutOfBoundsException'> (0x00000000edbf0ab0) thrown at [/build/java8-openjdk/src/jdk8u-jdk8u212-b01/hotspot/src/share/vm/runtime/sharedRuntime.cpp, line 605]
Event: 3,983 Thread 0x00007fc9c400d000 Exception <a 'java/lang/ArrayIndexOutOfBoundsException'> (0x00000000edbf1df8) thrown at [/build/java8-openjdk/src/jdk8u-jdk8u212-b01/hotspot/src/share/vm/runtime/sharedRuntime.cpp, line 605]
Event: 3,983 Thread 0x00007fc9c400d000 Exception <a 'java/lang/ArrayIndexOutOfBoundsException'> (0x00000000edbf3640) thrown at [/build/java8-openjdk/src/jdk8u-jdk8u212-b01/hotspot/src/share/vm/runtime/sharedRuntime.cpp, line 605]
Event: 3,988 Thread 0x00007fc9c400d000 Exception <a 'java/lang/ArrayIndexOutOfBoundsException'> (0x00000000edc10e20) thrown at [/build/java8-openjdk/src/jdk8u-jdk8u212-b01/hotspot/src/share/vm/runtime/sharedRuntime.cpp, line 605]
Event: 4,041 Thread 0x00007fc964001800 Exception <a 'java/lang/reflect/InvocationTargetException'> (0x00000000ec1a0f30) thrown at [/build/java8-openjdk/src/jdk8u-jdk8u212-b01/hotspot/src/share/vm/runtime/reflection.cpp, line 1092]
Event: 4,698 Thread 0x00007fc964001800 Exception <a 'java/lang/reflect/InvocationTargetException'> (0x00000000ec1a5490) thrown at [/build/java8-openjdk/src/jdk8u-jdk8u212-b01/hotspot/src/share/vm/runtime/reflection.cpp, line 1092]

Events (10 events):
Event: 4,481 loading class java/security/CodeSigner done
Event: 4,481 loading class java/util/jar/JarVerifier$3
Event: 4,481 loading class java/util/jar/JarVerifier$3 done
Event: 4,482 loading class sun/security/util/ManifestEntryVerifier
Event: 4,482 loading class sun/security/util/ManifestEntryVerifier done
Event: 4,482 loading class org/apache/catalina/util/ManifestResource
Event: 4,482 loading class org/apache/catalina/util/ManifestResource done
Event: 4,492 loading class org/apache/catalina/util/Extension
Event: 4,492 loading class org/apache/catalina/util/Extension done
Event: 4,752 Executing VM operation: ParallelGCFailedAllocation


Dynamic libraries:
c4200000-c6400000 rw-p 00000000 00:00 0 
c6400000-ec100000 ---p 00000000 00:00 0 
ec100000-f0880000 rw-p 00000000 00:00 0 
f2d00000-100000000 ---p 00000000 00:00 0 
100000000-1003e0000 rw-p 00000000 00:00 0 
1003e0000-140000000 ---p 00000000 00:00 0 
55c60ba4f000-55c60ba50000 r--p 00000000 08:02 61092                      /usr/lib/jvm/java-8-openjdk/jre/bin/java
55c60ba50000-55c60ba51000 r-xp 00001000 08:02 61092                      /usr/lib/jvm/java-8-openjdk/jre/bin/java
55c60ba51000-55c60ba52000 r--p 00002000 08:02 61092                      /usr/lib/jvm/java-8-openjdk/jre/bin/java
55c60ba52000-55c60ba53000 r--p 00002000 08:02 61092                      /usr/lib/jvm/java-8-openjdk/jre/bin/java
55c60ba53000-55c60ba54000 rw-p 00003000 08:02 61092                      /usr/lib/jvm/java-8-openjdk/jre/bin/java
55c60c61b000-55c60c63c000 rw-p 00000000 00:00 0                          [heap]
7fc93c000000-7fc93c021000 rw-p 00000000 00:00 0 
7fc93c021000-7fc940000000 ---p 00000000 00:00 0 
7fc944000000-7fc944021000 rw-p 00000000 00:00 0 
7fc944021000-7fc948000000 ---p 00000000 00:00 0 
7fc948000000-7fc948021000 rw-p 00000000 00:00 0 
7fc948021000-7fc94c000000 ---p 00000000 00:00 0 
7fc94c000000-7fc94c021000 rw-p 00000000 00:00 0 
7fc94c021000-7fc950000000 ---p 00000000 00:00 0 
7fc950000000-7fc950021000 rw-p 00000000 00:00 0 
7fc950021000-7fc954000000 ---p 00000000 00:00 0 
7fc954000000-7fc954021000 rw-p 00000000 00:00 0 
7fc954021000-7fc958000000 ---p 00000000 00:00 0 
7fc958000000-7fc9582c5000 rw-p 00000000 00:00 0 
7fc9582c5000-7fc95c000000 ---p 00000000 00:00 0 
7fc95c000000-7fc95c021000 rw-p 00000000 00:00 0 
7fc95c021000-7fc960000000 ---p 00000000 00:00 0 
7fc960000000-7fc960021000 rw-p 00000000 00:00 0 
7fc960021000-7fc964000000 ---p 00000000 00:00 0 
7fc964000000-7fc964021000 rw-p 00000000 00:00 0 
7fc964021000-7fc968000000 ---p 00000000 00:00 0 
7fc968fff000-7fc96c000000 rw-p 00000000 00:00 0 
7fc96c000000-7fc96c68d000 rw-p 00000000 00:00 0 
7fc96c68d000-7fc970000000 ---p 00000000 00:00 0 
7fc970000000-7fc970021000 rw-p 00000000 00:00 0 
7fc970021000-7fc974000000 ---p 00000000 00:00 0 
7fc974000000-7fc974021000 rw-p 00000000 00:00 0 
7fc974021000-7fc978000000 ---p 00000000 00:00 0 
7fc978000000-7fc978021000 rw-p 00000000 00:00 0 
7fc978021000-7fc97c000000 ---p 00000000 00:00 0 
7fc97c000000-7fc97c021000 rw-p 00000000 00:00 0 
7fc97c021000-7fc980000000 ---p 00000000 00:00 0 
7fc980000000-7fc98004e000 rw-p 00000000 00:00 0 
7fc98004e000-7fc984000000 ---p 00000000 00:00 0 
7fc984000000-7fc984021000 rw-p 00000000 00:00 0 
7fc984021000-7fc988000000 ---p 00000000 00:00 0 
7fc988000000-7fc988021000 rw-p 00000000 00:00 0 
7fc988021000-7fc98c000000 ---p 00000000 00:00 0 
7fc98c000000-7fc98c021000 rw-p 00000000 00:00 0 
7fc98c021000-7fc990000000 ---p 00000000 00:00 0 
7fc990a86000-7fc990ac6000 rw-p 00000000 00:00 0 
7fc990ac6000-7fc990c86000 ---p 00000000 00:00 0 
7fc990c86000-7fc990c8b000 r--s 002f9000 08:02 61723                      /usr/lib/jvm/java-8-openjdk/jre/lib/charsets.jar
7fc990c8b000-7fc990e8b000 rw-p 00000000 00:00 0 
7fc990e8b000-7fc99108b000 rw-p 00000000 00:00 0 
7fc99108b000-7fc99128b000 rw-p 00000000 00:00 0 
7fc99128b000-7fc99128e000 ---p 00000000 00:00 0 
7fc99128e000-7fc99158c000 rw-p 00000000 00:00 0 
7fc99158c000-7fc99178c000 rw-p 00000000 00:00 0 
7fc99178c000-7fc99198c000 rw-p 00000000 00:00 0 
7fc99198c000-7fc99198f000 ---p 00000000 00:00 0 
7fc99198f000-7fc991a8d000 rw-p 00000000 00:00 0 
7fc991a8d000-7fc991a90000 ---p 00000000 00:00 0 
7fc991a90000-7fc991b8e000 rw-p 00000000 00:00 0 
7fc991b8e000-7fc991b91000 ---p 00000000 00:00 0 
7fc991b91000-7fc991c8f000 rw-p 00000000 00:00 0 
7fc991c8f000-7fc991c92000 ---p 00000000 00:00 0 
7fc991c92000-7fc991f90000 rw-p 00000000 00:00 0 
7fc991f90000-7fc991f93000 ---p 00000000 00:00 0 
7fc991f93000-7fc992291000 rw-p 00000000 00:00 0 
7fc992291000-7fc9922b7000 r--p 00000000 08:02 618                        /usr/share/locale/pt_BR/LC_MESSAGES/libc.mo
7fc9922b7000-7fc9922b8000 ---p 00000000 00:00 0 
7fc9922b8000-7fc9923b8000 rw-p 00000000 00:00 0 
7fc9923b8000-7fc9923bb000 ---p 00000000 00:00 0 
7fc9923bb000-7fc9924b9000 rw-p 00000000 00:00 0 
7fc9924b9000-7fc9924c3000 r--s 00116000 08:02 61737                      /usr/lib/jvm/java-8-openjdk/jre/lib/ext/localedata.jar
7fc9924c3000-7fc9924df000 r--s 00393000 08:02 61732                      /usr/lib/jvm/java-8-openjdk/jre/lib/ext/cldrdata.jar
7fc9924df000-7fc9924e2000 ---p 00000000 00:00 0 
7fc9924e2000-7fc9925e0000 rw-p 00000000 00:00 0 
7fc9925e0000-7fc9925e3000 ---p 00000000 00:00 0 
7fc9925e3000-7fc9926e1000 rw-p 00000000 00:00 0 
7fc9926e1000-7fc9926e5000 r--s 000a1000 08:02 61757                      /usr/lib/jvm/java-8-openjdk/jre/lib/jsse.jar
7fc9926e5000-7fc9926e6000 r--s 00005000 08:02 788535                     /home/joan/.m2/repository/org/springframework/spring-jcl/5.1.6.RELEASE/spring-jcl-5.1.6.RELEASE.jar
7fc9926e6000-7fc9926fe000 r--s 00124000 08:02 788533                     /home/joan/.m2/repository/org/springframework/spring-core/5.1.6.RELEASE/spring-core-5.1.6.RELEASE.jar
7fc9926fe000-7fc992700000 r--s 00009000 08:02 788511                     /home/joan/.m2/repository/org/slf4j/slf4j-api/1.7.26/slf4j-api-1.7.26.jar
7fc992700000-7fc992705000 r--s 00040000 08:02 788495                     /home/joan/.m2/repository/org/springframework/spring-expression/5.1.6.RELEASE/spring-expression-5.1.6.RELEASE.jar
7fc992705000-7fc99271f000 r--s 000f3000 08:02 788493                     /home/joan/.m2/repository/org/springframework/spring-context/5.1.6.RELEASE/spring-context-5.1.6.RELEASE.jar
7fc99271f000-7fc992729000 r--s 00051000 08:02 788491                     /home/joan/.m2/repository/org/springframework/spring-aop/5.1.6.RELEASE/spring-aop-5.1.6.RELEASE.jar
7fc992729000-7fc992738000 r--s 000b5000 08:02 788489                     /home/joan/.m2/repository/org/springframework/spring-webmvc/5.1.6.RELEASE/spring-webmvc-5.1.6.RELEASE.jar
7fc992738000-7fc992745000 r--s 00098000 08:02 788487                     /home/joan/.m2/repository/org/springframework/spring-beans/5.1.6.RELEASE/spring-beans-5.1.6.RELEASE.jar
7fc992745000-7fc992761000 r--s 00137000 08:02 788485                     /home/joan/.m2/repository/org/springframework/spring-web/5.1.6.RELEASE/spring-web-5.1.6.RELEASE.jar
7fc992761000-7fc992763000 r--s 0000f000 08:02 788483                     /home/joan/.m2/repository/com/fasterxml/classmate/1.4.0/classmate-1.4.0.jar
7fc992763000-7fc992765000 r--s 0000f000 08:02 788481                     /home/joan/.m2/repository/org/jboss/logging/jboss-logging/3.3.2.Final/jboss-logging-3.3.2.Final.jar
7fc992765000-7fc99276a000 r--s 00012000 08:02 788479                     /home/joan/.m2/repository/javax/validation/validation-api/2.0.1.Final/validation-api-2.0.1.Final.jar
7fc99276a000-7fc992787000 r--s 000fe000 08:02 788477                     /home/joan/.m2/repository/org/hibernate/validator/hibernate-validator/6.0.16.Final/hibernate-validator-6.0.16.Final.jar
7fc992787000-7fc99278c000 r--s 0003c000 08:02 788475                     /home/joan/.m2/repository/org/apache/tomcat/embed/tomcat-embed-websocket/9.0.17/tomcat-embed-websocket-9.0.17.jar
7fc99278c000-7fc992791000 r--s 00039000 08:02 788473                     /home/joan/.m2/repository/org/apache/tomcat/embed/tomcat-embed-el/9.0.17/tomcat-embed-el-9.0.17.jar
7fc992791000-7fc9927bb000 r--s 002f9000 08:02 788471                     /home/joan/.m2/repository/org/apache/tomcat/embed/tomcat-embed-core/9.0.17/tomcat-embed-core-9.0.17.jar
7fc9927bb000-7fc9927bc000 r--s 00000000 08:02 788469                     /home/joan/.m2/repository/org/springframework/boot/spring-boot-starter-tomcat/2.1.4.RELEASE/spring-boot-starter-tomcat-2.1.4.RELEASE.jar
7fc9927bc000-7fc9927be000 r--s 00001000 08:02 788467                     /home/joan/.m2/repository/com/fasterxml/jackson/module/jackson-module-parameter-names/2.9.8/jackson-module-parameter-names-2.9.8.jar
7fc9927be000-7fc9927c1000 r--s 00016000 08:02 788465                     /home/joan/.m2/repository/com/fasterxml/jackson/datatype/jackson-datatype-jsr310/2.9.8/jackson-datatype-jsr310-2.9.8.jar
7fc9927c1000-7fc9927c5000 r--s 0004c000 08:02 788461                     /home/joan/.m2/repository/com/fasterxml/jackson/core/jackson-core/2.9.8/jackson-core-2.9.8.jar
7fc9927c5000-7fc9927c8000 r--s 0000e000 08:02 788459                     /home/joan/.m2/repository/com/fasterxml/jackson/core/jackson-annotations/2.9.0/jackson-annotations-2.9.0.jar
7fc9927c8000-7fc9927da000 r--s 00137000 08:02 788457                     /home/joan/.m2/repository/com/fasterxml/jackson/core/jackson-databind/2.9.8/jackson-databind-2.9.8.jar
7fc9927da000-7fc9927e1000 r--s 00043000 08:02 788453                     /home/joan/.m2/repository/org/yaml/snakeyaml/1.23/snakeyaml-1.23.jar
7fc9927e1000-7fc992805000 r--s 00111000 08:02 788437                     /home/joan/.m2/repository/org/springframework/boot/spring-boot-autoconfigure/2.1.4.RELEASE/spring-boot-autoconfigure-2.1.4.RELEASE.jar
7fc992805000-7fc992808000 ---p 00000000 00:00 0 
7fc992808000-7fc992906000 rw-p 00000000 00:00 0 
7fc992906000-7fc992907000 ---p 00000000 00:00 0 
7fc992907000-7fc99290a000 ---p 00000000 00:00 0 
7fc99290a000-7fc992a07000 rw-p 00000000 00:00 0 
7fc992a07000-7fc992a08000 ---p 00000000 00:00 0 
7fc992a08000-7fc992a0b000 ---p 00000000 00:00 0 
7fc992a0b000-7fc992b08000 rw-p 00000000 00:00 0 
7fc992b08000-7fc992b09000 ---p 00000000 00:00 0 
7fc992b09000-7fc992b0c000 ---p 00000000 00:00 0 
7fc992b0c000-7fc992c09000 rw-p 00000000 00:00 0 
7fc992c09000-7fc992c0a000 ---p 00000000 00:00 0 
7fc992c0a000-7fc992c0d000 ---p 00000000 00:00 0 
7fc992c0d000-7fc992d0a000 rw-p 00000000 00:00 0 
7fc992d0a000-7fc992d0d000 ---p 00000000 00:00 0 
7fc992d0d000-7fc992e0b000 rw-p 00000000 00:00 0 
7fc992e0b000-7fc9930f1000 r--p 00000000 08:02 4604297                    /usr/lib/locale/locale-archive
7fc9930f1000-7fc9930f4000 ---p 00000000 00:00 0 
7fc9930f4000-7fc9931f2000 rw-p 00000000 00:00 0 
7fc9931f2000-7fc9931f5000 ---p 00000000 00:00 0 
7fc9931f5000-7fc9932f3000 rw-p 00000000 00:00 0 
7fc9932f3000-7fc9932f4000 ---p 00000000 00:00 0 
7fc9932f4000-7fc994000000 rw-p 00000000 00:00 0 
7fc994000000-7fc994021000 rw-p 00000000 00:00 0 
7fc994021000-7fc998000000 ---p 00000000 00:00 0 
7fc998000000-7fc998021000 rw-p 00000000 00:00 0 
7fc998021000-7fc99c000000 ---p 00000000 00:00 0 
7fc99c000000-7fc99c021000 rw-p 00000000 00:00 0 
7fc99c021000-7fc9a0000000 ---p 00000000 00:00 0 
7fc9a0000000-7fc9a0021000 rw-p 00000000 00:00 0 
7fc9a0021000-7fc9a4000000 ---p 00000000 00:00 0 
7fc9a4000000-7fc9a4021000 rw-p 00000000 00:00 0 
7fc9a4021000-7fc9a8000000 ---p 00000000 00:00 0 
7fc9a8000000-7fc9a8021000 rw-p 00000000 00:00 0 
7fc9a8021000-7fc9ac000000 ---p 00000000 00:00 0 
7fc9ac000000-7fc9ac021000 rw-p 00000000 00:00 0 
7fc9ac021000-7fc9b0000000 ---p 00000000 00:00 0 
7fc9b0000000-7fc9b0021000 rw-p 00000000 00:00 0 
7fc9b0021000-7fc9b4000000 ---p 00000000 00:00 0 
7fc9b4000000-7fc9b4002000 r--s 00007000 08:02 788463                     /home/joan/.m2/repository/com/fasterxml/jackson/datatype/jackson-datatype-jdk8/2.9.8/jackson-datatype-jdk8-2.9.8.jar
7fc9b4002000-7fc9b4003000 r--s 00000000 08:02 788455                     /home/joan/.m2/repository/org/springframework/boot/spring-boot-starter-json/2.1.4.RELEASE/spring-boot-starter-json-2.1.4.RELEASE.jar
7fc9b4003000-7fc9b4005000 r--s 00005000 08:02 788451                     /home/joan/.m2/repository/javax/annotation/javax.annotation-api/1.3.2/javax.annotation-api-1.3.2.jar
7fc9b4005000-7fc9b4007000 r--s 00000000 08:02 788449                     /home/joan/.m2/repository/org/slf4j/jul-to-slf4j/1.7.26/jul-to-slf4j-1.7.26.jar
7fc9b4007000-7fc9b400d000 r--s 0003c000 08:02 788447                     /home/joan/.m2/repository/org/apache/logging/log4j/log4j-api/2.11.2/log4j-api-2.11.2.jar
7fc9b400d000-7fc9b4018000 r--s 00069000 08:02 788443                     /home/joan/.m2/repository/ch/qos/logback/logback-core/1.2.3/logback-core-1.2.3.jar
7fc9b4018000-7fc9b401e000 r--s 00041000 08:02 788441                     /home/joan/.m2/repository/ch/qos/logback/logback-classic/1.2.3/logback-classic-1.2.3.jar
7fc9b401e000-7fc9b4033000 r--s 000d4000 08:02 788435                     /home/joan/.m2/repository/org/springframework/boot/spring-boot/2.1.4.RELEASE/spring-boot-2.1.4.RELEASE.jar
7fc9b4033000-7fc9b403a000 r--p 00000000 08:02 61711                      /usr/lib/jvm/java-8-openjdk/jre/lib/amd64/libnio.so
7fc9b403a000-7fc9b4042000 r-xp 00007000 08:02 61711                      /usr/lib/jvm/java-8-openjdk/jre/lib/amd64/libnio.so
7fc9b4042000-7fc9b4045000 r--p 0000f000 08:02 61711                      /usr/lib/jvm/java-8-openjdk/jre/lib/amd64/libnio.so
7fc9b4045000-7fc9b4046000 ---p 00012000 08:02 61711                      /usr/lib/jvm/java-8-openjdk/jre/lib/amd64/libnio.so
7fc9b4046000-7fc9b4047000 r--p 00012000 08:02 61711                      /usr/lib/jvm/java-8-openjdk/jre/lib/amd64/libnio.so
7fc9b4047000-7fc9b4048000 rw-p 00013000 08:02 61711                      /usr/lib/jvm/java-8-openjdk/jre/lib/amd64/libnio.so
7fc9b4048000-7fc9b404d000 r--p 00000000 08:02 61710                      /usr/lib/jvm/java-8-openjdk/jre/lib/amd64/libnet.so
7fc9b404d000-7fc9b405c000 r-xp 00005000 08:02 61710                      /usr/lib/jvm/java-8-openjdk/jre/lib/amd64/libnet.so
7fc9b405c000-7fc9b4060000 r--p 00014000 08:02 61710                      /usr/lib/jvm/java-8-openjdk/jre/lib/amd64/libnet.so
7fc9b4060000-7fc9b4061000 r--p 00017000 08:02 61710                      /usr/lib/jvm/java-8-openjdk/jre/lib/amd64/libnet.so
7fc9b4061000-7fc9b4062000 rw-p 00018000 08:02 61710                      /usr/lib/jvm/java-8-openjdk/jre/lib/amd64/libnet.so
7fc9b4062000-7fc9b4066000 r--p 00000000 08:02 61708                      /usr/lib/jvm/java-8-openjdk/jre/lib/amd64/libmanagement.so
7fc9b4066000-7fc9b4069000 r-xp 00004000 08:02 61708                      /usr/lib/jvm/java-8-openjdk/jre/lib/amd64/libmanagement.so
7fc9b4069000-7fc9b406b000 r--p 00007000 08:02 61708                      /usr/lib/jvm/java-8-openjdk/jre/lib/amd64/libmanagement.so
7fc9b406b000-7fc9b406c000 r--p 00008000 08:02 61708                      /usr/lib/jvm/java-8-openjdk/jre/lib/amd64/libmanagement.so
7fc9b406c000-7fc9b406d000 rw-p 00009000 08:02 61708                      /usr/lib/jvm/java-8-openjdk/jre/lib/amd64/libmanagement.so
7fc9b406d000-7fc9b5000000 rw-p 00000000 00:00 0 
7fc9b5000000-7fc9b5560000 rwxp 00000000 00:00 0 
7fc9b5560000-7fc9c4000000 ---p 00000000 00:00 0 
7fc9c4000000-7fc9c48d2000 rw-p 00000000 00:00 0 
7fc9c48d2000-7fc9c8000000 ---p 00000000 00:00 0 
7fc9c8000000-7fc9c8002000 r--s 00003000 08:02 788445                     /home/joan/.m2/repository/org/apache/logging/log4j/log4j-to-slf4j/2.11.2/log4j-to-slf4j-2.11.2.jar
7fc9c8002000-7fc9c80f5000 rw-p 00000000 00:00 0 
7fc9c80f5000-7fc9c82c5000 r--s 03c3a000 08:02 61770                      /usr/lib/jvm/java-8-openjdk/jre/lib/rt.jar
7fc9c82c5000-7fc9caba0000 rw-p 00000000 00:00 0 
7fc9caba0000-7fc9caba1000 ---p 00000000 00:00 0 
7fc9caba1000-7fc9caca1000 rw-p 00000000 00:00 0 
7fc9caca1000-7fc9caca2000 ---p 00000000 00:00 0 
7fc9caca2000-7fc9cada2000 rw-p 00000000 00:00 0 
7fc9cada2000-7fc9cada3000 ---p 00000000 00:00 0 
7fc9cada3000-7fc9caea3000 rw-p 00000000 00:00 0 
7fc9caea3000-7fc9caea4000 ---p 00000000 00:00 0 
7fc9caea4000-7fc9cafa4000 rw-p 00000000 00:00 0 
7fc9cafa4000-7fc9cafa5000 ---p 00000000 00:00 0 
7fc9cafa5000-7fc9cb0a5000 rw-p 00000000 00:00 0 
7fc9cb0a5000-7fc9cb0a6000 ---p 00000000 00:00 0 
7fc9cb0a6000-7fc9cb1a6000 rw-p 00000000 00:00 0 
7fc9cb1a6000-7fc9cb1a7000 ---p 00000000 00:00 0 
7fc9cb1a7000-7fc9cb2a7000 rw-p 00000000 00:00 0 
7fc9cb2a7000-7fc9cb2a8000 ---p 00000000 00:00 0 
7fc9cb2a8000-7fc9cb3b9000 rw-p 00000000 00:00 0 
7fc9cb3b9000-7fc9cb4e8000 ---p 00000000 00:00 0 
7fc9cb4e8000-7fc9cb4f9000 rw-p 00000000 00:00 0 
7fc9cb4f9000-7fc9cb627000 ---p 00000000 00:00 0 
7fc9cb627000-7fc9cb64c000 rw-p 00000000 00:00 0 
7fc9cb64c000-7fc9cb6c7000 ---p 00000000 00:00 0 
7fc9cb6c7000-7fc9cb6de000 rw-p 00000000 00:00 0 
7fc9cb6de000-7fc9cba88000 ---p 00000000 00:00 0 
7fc9cba88000-7fc9cba95000 r--p 00000000 08:02 61700                      /usr/lib/jvm/java-8-openjdk/jre/lib/amd64/libjava.so
7fc9cba95000-7fc9cbaad000 r-xp 0000d000 08:02 61700                      /usr/lib/jvm/java-8-openjdk/jre/lib/amd64/libjava.so
7fc9cbaad000-7fc9cbab4000 r--p 00025000 08:02 61700                      /usr/lib/jvm/java-8-openjdk/jre/lib/amd64/libjava.so
7fc9cbab4000-7fc9cbab5000 ---p 0002c000 08:02 61700                      /usr/lib/jvm/java-8-openjdk/jre/lib/amd64/libjava.so
7fc9cbab5000-7fc9cbab6000 r--p 0002c000 08:02 61700                      /usr/lib/jvm/java-8-openjdk/jre/lib/amd64/libjava.so
7fc9cbab6000-7fc9cbab7000 rw-p 0002d000 08:02 61700                      /usr/lib/jvm/java-8-openjdk/jre/lib/amd64/libjava.so
7fc9cbab7000-7fc9cbab8000 rw-p 00000000 00:00 0 
7fc9cbab8000-7fc9cbaba000 r--p 00000000 08:02 4604284                    /usr/lib/librt-2.29.so
7fc9cbaba000-7fc9cbabe000 r-xp 00002000 08:02 4604284                    /usr/lib/librt-2.29.so
7fc9cbabe000-7fc9cbac0000 r--p 00006000 08:02 4604284                    /usr/lib/librt-2.29.so
7fc9cbac0000-7fc9cbac1000 r--p 00007000 08:02 4604284                    /usr/lib/librt-2.29.so
7fc9cbac1000-7fc9cbac2000 rw-p 00008000 08:02 4604284                    /usr/lib/librt-2.29.so
7fc9cbac2000-7fc9cbac3000 ---p 00000000 00:00 0 
7fc9cbac3000-7fc9cbac6000 ---p 00000000 00:00 0 
7fc9cbac6000-7fc9cbbc3000 rw-p 00000000 00:00 0 
7fc9cbbc3000-7fc9cbbd0000 r--p 00000000 08:02 4596426                    /usr/lib/libm-2.29.so
7fc9cbbd0000-7fc9cbc6c000 r-xp 0000d000 08:02 4596426                    /usr/lib/libm-2.29.so
7fc9cbc6c000-7fc9cbd07000 r--p 000a9000 08:02 4596426                    /usr/lib/libm-2.29.so
7fc9cbd07000-7fc9cbd08000 r--p 00143000 08:02 4596426                    /usr/lib/libm-2.29.so
7fc9cbd08000-7fc9cbd09000 rw-p 00144000 08:02 4596426                    /usr/lib/libm-2.29.so
7fc9cbd09000-7fc9cbefa000 r--p 00000000 08:02 61721                      /usr/lib/jvm/java-8-openjdk/jre/lib/amd64/server/libjvm.so
7fc9cbefa000-7fc9cc76d000 r-xp 001f1000 08:02 61721                      /usr/lib/jvm/java-8-openjdk/jre/lib/amd64/server/libjvm.so
7fc9cc76d000-7fc9cc90d000 r--p 00a64000 08:02 61721                      /usr/lib/jvm/java-8-openjdk/jre/lib/amd64/server/libjvm.so
7fc9cc90d000-7fc9cc90e000 ---p 00c04000 08:02 61721                      /usr/lib/jvm/java-8-openjdk/jre/lib/amd64/server/libjvm.so
7fc9cc90e000-7fc9cc9a3000 r--p 00c04000 08:02 61721                      /usr/lib/jvm/java-8-openjdk/jre/lib/amd64/server/libjvm.so
7fc9cc9a3000-7fc9cc9cb000 rw-p 00c99000 08:02 61721                      /usr/lib/jvm/java-8-openjdk/jre/lib/amd64/server/libjvm.so
7fc9cc9cb000-7fc9cc9fd000 rw-p 00000000 00:00 0 
7fc9cc9fd000-7fc9cca03000 r--p 00000000 08:02 4604276                    /usr/lib/libpthread-2.29.so
7fc9cca03000-7fc9cca12000 r-xp 00006000 08:02 4604276                    /usr/lib/libpthread-2.29.so
7fc9cca12000-7fc9cca18000 r--p 00015000 08:02 4604276                    /usr/lib/libpthread-2.29.so
7fc9cca18000-7fc9cca19000 r--p 0001a000 08:02 4604276                    /usr/lib/libpthread-2.29.so
7fc9cca19000-7fc9cca1a000 rw-p 0001b000 08:02 4604276                    /usr/lib/libpthread-2.29.so
7fc9cca1a000-7fc9cca1e000 rw-p 00000000 00:00 0 
7fc9cca1e000-7fc9cca1f000 r--p 00000000 08:02 4596420                    /usr/lib/libdl-2.29.so
7fc9cca1f000-7fc9cca20000 r-xp 00001000 08:02 4596420                    /usr/lib/libdl-2.29.so
7fc9cca20000-7fc9cca21000 r--p 00002000 08:02 4596420                    /usr/lib/libdl-2.29.so
7fc9cca21000-7fc9cca22000 r--p 00002000 08:02 4596420                    /usr/lib/libdl-2.29.so
7fc9cca22000-7fc9cca23000 rw-p 00003000 08:02 4596420                    /usr/lib/libdl-2.29.so
7fc9cca23000-7fc9cca39000 r-xp 00000000 08:02 4593756                    /usr/lib/libz.so.1.2.11
7fc9cca39000-7fc9ccc38000 ---p 00016000 08:02 4593756                    /usr/lib/libz.so.1.2.11
7fc9ccc38000-7fc9ccc39000 r--p 00015000 08:02 4593756                    /usr/lib/libz.so.1.2.11
7fc9ccc39000-7fc9ccc3a000 rw-p 00016000 08:02 4593756                    /usr/lib/libz.so.1.2.11
7fc9ccc3a000-7fc9ccc5c000 r--p 00000000 08:02 4596411                    /usr/lib/libc-2.29.so
7fc9ccc5c000-7fc9ccda8000 r-xp 00022000 08:02 4596411                    /usr/lib/libc-2.29.so
7fc9ccda8000-7fc9ccdf4000 r--p 0016e000 08:02 4596411                    /usr/lib/libc-2.29.so
7fc9ccdf4000-7fc9ccdf5000 ---p 001ba000 08:02 4596411                    /usr/lib/libc-2.29.so
7fc9ccdf5000-7fc9ccdf9000 r--p 001ba000 08:02 4596411                    /usr/lib/libc-2.29.so
7fc9ccdf9000-7fc9ccdfb000 rw-p 001be000 08:02 4596411                    /usr/lib/libc-2.29.so
7fc9ccdfb000-7fc9ccdff000 rw-p 00000000 00:00 0 
7fc9ccdff000-7fc9cce00000 r--s 00000000 08:02 788439                     /home/joan/.m2/repository/org/springframework/boot/spring-boot-starter-logging/2.1.4.RELEASE/spring-boot-starter-logging-2.1.4.RELEASE.jar
7fc9cce00000-7fc9cce01000 r--s 00000000 08:02 788433                     /home/joan/.m2/repository/org/springframework/boot/spring-boot-starter/2.1.4.RELEASE/spring-boot-starter-2.1.4.RELEASE.jar
7fc9cce01000-7fc9cce02000 r--s 00000000 08:02 788431                     /home/joan/.m2/repository/org/springframework/boot/spring-boot-starter-web/2.1.4.RELEASE/spring-boot-starter-web-2.1.4.RELEASE.jar
7fc9cce02000-7fc9cce05000 r--p 00000000 08:02 61718                      /usr/lib/jvm/java-8-openjdk/jre/lib/amd64/libzip.so
7fc9cce05000-7fc9cce09000 r-xp 00003000 08:02 61718                      /usr/lib/jvm/java-8-openjdk/jre/lib/amd64/libzip.so
7fc9cce09000-7fc9cce0b000 r--p 00007000 08:02 61718                      /usr/lib/jvm/java-8-openjdk/jre/lib/amd64/libzip.so
7fc9cce0b000-7fc9cce0c000 r--p 00008000 08:02 61718                      /usr/lib/jvm/java-8-openjdk/jre/lib/amd64/libzip.so
7fc9cce0c000-7fc9cce0d000 rw-p 00009000 08:02 61718                      /usr/lib/jvm/java-8-openjdk/jre/lib/amd64/libzip.so
7fc9cce0d000-7fc9cce15000 rw-s 00000000 00:2b 56                         /tmp/hsperfdata_joan/19605
7fc9cce15000-7fc9cce18000 r--p 00000000 08:02 4602932                    /usr/lib/libnss_files-2.29.so
7fc9cce18000-7fc9cce1f000 r-xp 00003000 08:02 4602932                    /usr/lib/libnss_files-2.29.so
7fc9cce1f000-7fc9cce22000 r--p 0000a000 08:02 4602932                    /usr/lib/libnss_files-2.29.so
7fc9cce22000-7fc9cce23000 r--p 0000c000 08:02 4602932                    /usr/lib/libnss_files-2.29.so
7fc9cce23000-7fc9cce24000 rw-p 0000d000 08:02 4602932                    /usr/lib/libnss_files-2.29.so
7fc9cce24000-7fc9cce2b000 rw-p 00000000 00:00 0 
7fc9cce2b000-7fc9cce30000 r--p 00000000 08:02 61717                      /usr/lib/jvm/java-8-openjdk/jre/lib/amd64/libverify.so
7fc9cce30000-7fc9cce37000 r-xp 00005000 08:02 61717                      /usr/lib/jvm/java-8-openjdk/jre/lib/amd64/libverify.so
7fc9cce37000-7fc9cce39000 r--p 0000c000 08:02 61717                      /usr/lib/jvm/java-8-openjdk/jre/lib/amd64/libverify.so
7fc9cce39000-7fc9cce3b000 r--p 0000d000 08:02 61717                      /usr/lib/jvm/java-8-openjdk/jre/lib/amd64/libverify.so
7fc9cce3b000-7fc9cce3c000 rw-p 0000f000 08:02 61717                      /usr/lib/jvm/java-8-openjdk/jre/lib/amd64/libverify.so
7fc9cce3c000-7fc9cce3e000 r--p 00000000 08:02 61174                      /usr/lib/jvm/java-8-openjdk/jre/lib/amd64/jli/libjli.so
7fc9cce3e000-7fc9cce47000 r-xp 00002000 08:02 61174                      /usr/lib/jvm/java-8-openjdk/jre/lib/amd64/jli/libjli.so
7fc9cce47000-7fc9cce4a000 r--p 0000b000 08:02 61174                      /usr/lib/jvm/java-8-openjdk/jre/lib/amd64/jli/libjli.so
7fc9cce4a000-7fc9cce4b000 r--p 0000d000 08:02 61174                      /usr/lib/jvm/java-8-openjdk/jre/lib/amd64/jli/libjli.so
7fc9cce4b000-7fc9cce4c000 rw-p 0000e000 08:02 61174                      /usr/lib/jvm/java-8-openjdk/jre/lib/amd64/jli/libjli.so
7fc9cce4c000-7fc9cce4e000 rw-p 00000000 00:00 0 
7fc9cce4e000-7fc9cce50000 r--p 00000000 08:02 4596400                    /usr/lib/ld-2.29.so
7fc9cce50000-7fc9cce6f000 r-xp 00002000 08:02 4596400                    /usr/lib/ld-2.29.so
7fc9cce6f000-7fc9cce77000 r--p 00021000 08:02 4596400                    /usr/lib/ld-2.29.so
7fc9cce77000-7fc9cce78000 ---p 00000000 00:00 0 
7fc9cce78000-7fc9cce79000 r--p 00029000 08:02 4596400                    /usr/lib/ld-2.29.so
7fc9cce79000-7fc9cce7a000 rw-p 0002a000 08:02 4596400                    /usr/lib/ld-2.29.so
7fc9cce7a000-7fc9cce7b000 rw-p 00000000 00:00 0 
7fff18c79000-7fff18c9b000 rw-p 00000000 00:00 0                          [stack]
7fff18cd8000-7fff18cdb000 r--p 00000000 00:00 0                          [vvar]
7fff18cdb000-7fff18cdd000 r-xp 00000000 00:00 0                          [vdso]

VM Arguments:
jvm_args: -Dcom.sun.management.jmxremote -Dcom.sun.management.jmxremote.port=38715 -Dcom.sun.management.jmxremote.authenticate=false -Dcom.sun.management.jmxremote.ssl=false -Djava.rmi.server.hostname=localhost -Dspring.jmx.enabled=true -Dspring.application.admin.enabled=true -Djava.security.egd=file:/dev/./urandom -Xverify:none -XX:TieredStopAtLevel=1 -Dfile.encoding=UTF-8 
java_command: com.joan.treino.CursomcApplication --spring.output.ansi.enabled=always
java_class_path (initial): /home/joan/Documents/workspace-spring-tool-suite-4-4.2.0.RELEASE/cursomc/target/classes:/home/joan/.m2/repository/org/springframework/boot/spring-boot-starter-web/2.1.4.RELEASE/spring-boot-starter-web-2.1.4.RELEASE.jar:/home/joan/.m2/repository/org/springframework/boot/spring-boot-starter/2.1.4.RELEASE/spring-boot-starter-2.1.4.RELEASE.jar:/home/joan/.m2/repository/org/springframework/boot/spring-boot/2.1.4.RELEASE/spring-boot-2.1.4.RELEASE.jar:/home/joan/.m2/repository/org/springframework/boot/spring-boot-autoconfigure/2.1.4.RELEASE/spring-boot-autoconfigure-2.1.4.RELEASE.jar:/home/joan/.m2/repository/org/springframework/boot/spring-boot-starter-logging/2.1.4.RELEASE/spring-boot-starter-logging-2.1.4.RELEASE.jar:/home/joan/.m2/repository/ch/qos/logback/logback-classic/1.2.3/logback-classic-1.2.3.jar:/home/joan/.m2/repository/ch/qos/logback/logback-core/1.2.3/logback-core-1.2.3.jar:/home/joan/.m2/repository/org/apache/logging/log4j/log4j-to-slf4j/2.11.2/log4j-to-slf4j-2.11.2.jar:/home/joan/.m2/repository/org/apache/logging/log4j/log4j-api/2.11.2/log4j-api-2.11.2.jar:/home/joan/.m2/repository/org/slf4j/jul-to-slf4j/1.7.26/jul-to-slf4j-1.7.26.jar:/home/joan/.m2/repository/javax/annotation/javax.annotation-api/1.3.2/javax.annotation-api-1.3.2.jar:/home/joan/.m2/repository/org/yaml/snakeyaml/1.23/snakeyaml-1.23.jar:/home/joan/.m2/repository/org/springframework/boot/spring-boot-starter-json/2.1.4.RELEASE/spring-boot-starter-json-2.1.4.RELEASE.jar:/home/joan/.m2/repository/com/fasterxml/jackson/core/jackson-databind/2.9.8/jackson-databind-2.9.8.jar:/home/joan/.m2/repository/com/fasterxml/jackson/core/jackson-annotations/2.9.0/jackson-annotations-2.9.0.jar:/home/joan/.m2/repository/com/fasterxml/jackson/core/jackson-core/2.9.8/jackson-core-2.9.8.jar:/home/joan/.m2/repository/com/fasterxml/jackson/datatype/jackson-datatype-jdk8/2.9.8/jackson-datatype-jdk8-2.9.8.jar:/home/joan/.m2/repository/com/fasterxml/jackson/datatype/jackson-datatype-jsr310/
Launcher Type: SUN_STANDARD

Environment Variables:
PATH=/usr/local/bin:/usr/bin:/bin:/usr/local/sbin:/usr/lib/jvm/default/bin:/usr/bin/site_perl:/usr/bin/vendor_perl:/usr/bin/core_perl
SHELL=/bin/bash
DISPLAY=:0.0

Signal Handlers:
SIGSEGV: [libjvm.so+0xa32bd0], sa_mask[0]=11111111011111111101111111111110, sa_flags=SA_RESTART|SA_SIGINFO
SIGBUS: [libjvm.so+0xa32bd0], sa_mask[0]=11111111011111111101111111111110, sa_flags=SA_RESTART|SA_SIGINFO
SIGFPE: [libjvm.so+0x88ebd0], sa_mask[0]=11111111011111111101111111111110, sa_flags=SA_RESTART|SA_SIGINFO
SIGPIPE: [libjvm.so+0x88ebd0], sa_mask[0]=11111111011111111101111111111110, sa_flags=SA_RESTART|SA_SIGINFO
SIGXFSZ: [libjvm.so+0x88ebd0], sa_mask[0]=11111111011111111101111111111110, sa_flags=SA_RESTART|SA_SIGINFO
SIGILL: [libjvm.so+0x88ebd0], sa_mask[0]=11111111011111111101111111111110, sa_flags=SA_RESTART|SA_SIGINFO
SIGUSR1: SIG_DFL, sa_mask[0]=00000000000000000000000000000000, sa_flags=none
SIGUSR2: [libjvm.so+0x88ea60], sa_mask[0]=00100000000000000000000000000000, sa_flags=SA_RESTART|SA_SIGINFO
SIGHUP: [libjvm.so+0x88ee70], sa_mask[0]=11111111011111111101111111111110, sa_flags=SA_RESTART|SA_SIGINFO
SIGINT: [libjvm.so+0x88ee70], sa_mask[0]=11111111011111111101111111111110, sa_flags=SA_RESTART|SA_SIGINFO
SIGTERM: [libjvm.so+0x88ee70], sa_mask[0]=11111111011111111101111111111110, sa_flags=SA_RESTART|SA_SIGINFO
SIGQUIT: [libjvm.so+0x88ee70], sa_mask[0]=11111111011111111101111111111110, sa_flags=SA_RESTART|SA_SIGINFO


---------------  S Y S T E M  ---------------

OS:DISTRIB_ID=ManjaroLinux
DISTRIB_RELEASE=18.0.4
DISTRIB_CODENAME=Illyria
DISTRIB_DESCRIPTION="Manjaro Linux"

uname:Linux 4.19.36-1-MANJARO #1 SMP PREEMPT Sat Apr 20 22:05:46 UTC 2019 x86_64
libc:glibc 2.29 NPTL 2.29 
rlimit: STACK 8192k, CORE infinity, NPROC 14551, NOFILE 1048576, AS infinity
load average:5,52 2,15 1,65

/proc/meminfo:
MemTotal:        3922796 kB
MemFree:          105420 kB
MemAvailable:      15788 kB
Buffers:             608 kB
Cached:           348432 kB
SwapCached:            0 kB
Active:          3251864 kB
Inactive:         328648 kB
Active(anon):    3246696 kB
Inactive(anon):   317912 kB
Active(file):       5168 kB
Inactive(file):    10736 kB
Unevictable:         144 kB
Mlocked:             144 kB
SwapTotal:             0 kB
SwapFree:              0 kB
Dirty:                44 kB
Writeback:             4 kB
AnonPages:       3232024 kB
Mapped:           190376 kB
Shmem:            332728 kB
Slab:             123532 kB
SReclaimable:      43416 kB
SUnreclaim:        80116 kB
KernelStack:       13632 kB
PageTables:        33256 kB
NFS_Unstable:          0 kB
Bounce:                0 kB
WritebackTmp:          0 kB
CommitLimit:     1961396 kB
Committed_AS:    8972816 kB
VmallocTotal:   34359738367 kB
VmallocUsed:           0 kB
VmallocChunk:          0 kB
Percpu:             2816 kB
HardwareCorrupted:     0 kB
AnonHugePages:         0 kB
ShmemHugePages:        0 kB
ShmemPmdMapped:        0 kB
HugePages_Total:       0
HugePages_Free:        0
HugePages_Rsvd:        0
HugePages_Surp:        0
Hugepagesize:       2048 kB
Hugetlb:               0 kB
DirectMap4k:      212660 kB
DirectMap2M:     3866624 kB

container (cgroup) information:
container_type: cgroupv1
cpu_cpuset_cpus: 0-7
cpu_memory_nodes: 0
active_processor_count: 8
cpu_quota: -1
cpu_period: 100000
cpu_shares: -1
memory_limit_in_bytes: -1
memory_and_swap_limit_in_bytes: -1
memory_soft_limit_in_bytes: -1
memory_usage_in_bytes: 3533189120
memory_max_usage_in_bytes: 3563016192


CPU:total 8 (initial active 8) (4 cores per cpu, 2 threads per core) family 6 model 58 stepping 9, cmov, cx8, fxsr, mmx, sse, sse2, sse3, ssse3, sse4.1, sse4.2, popcnt, avx, aes, clmul, erms, ht, tsc, tscinvbit, tscinv

/proc/cpuinfo:
processor	: 0
vendor_id	: GenuineIntel
cpu family	: 6
model		: 58
model name	: Intel(R) Core(TM) i7-3630QM CPU @ 2.40GHz
stepping	: 9
microcode	: 0x20
cpu MHz		: 1960.373
cache size	: 6144 KB
physical id	: 0
siblings	: 8
core id		: 0
cpu cores	: 4
apicid		: 0
initial apicid	: 0
fpu		: yes
fpu_exception	: yes
cpuid level	: 13
wp		: yes
flags		: fpu vme de pse tsc msr pae mce cx8 apic sep mtrr pge mca cmov pat pse36 clflush dts acpi mmx fxsr sse sse2 ss ht tm pbe syscall nx rdtscp lm constant_tsc arch_perfmon pebs bts rep_good nopl xtopology nonstop_tsc cpuid aperfmperf pni pclmulqdq dtes64 monitor ds_cpl vmx est tm2 ssse3 cx16 xtpr pdcm pcid sse4_1 sse4_2 x2apic popcnt tsc_deadline_timer aes xsave avx f16c rdrand lahf_lm cpuid_fault epb pti ssbd ibrs ibpb stibp tpr_shadow vnmi flexpriority ept vpid fsgsbase smep erms xsaveopt dtherm ida arat pln pts flush_l1d
bugs		: cpu_meltdown spectre_v1 spectre_v2 spec_store_bypass l1tf
bogomips	: 4791.66
clflush size	: 64
cache_alignment	: 64
address sizes	: 36 bits physical, 48 bits virtual
power management:

processor	: 1
vendor_id	: GenuineIntel
cpu family	: 6
model		: 58
model name	: Intel(R) Core(TM) i7-3630QM CPU @ 2.40GHz
stepping	: 9
microcode	: 0x20
cpu MHz		: 2162.360
cache size	: 6144 KB
physical id	: 0
siblings	: 8
core id		: 1
cpu cores	: 4
apicid		: 2
initial apicid	: 2
fpu		: yes
fpu_exception	: yes
cpuid level	: 13
wp		: yes
flags		: fpu vme de pse tsc msr pae mce cx8 apic sep mtrr pge mca cmov pat pse36 clflush dts acpi mmx fxsr sse sse2 ss ht tm pbe syscall nx rdtscp lm constant_tsc arch_perfmon pebs bts rep_good nopl xtopology nonstop_tsc cpuid aperfmperf pni pclmulqdq dtes64 monitor ds_cpl vmx est tm2 ssse3 cx16 xtpr pdcm pcid sse4_1 sse4_2 x2apic popcnt tsc_deadline_timer aes xsave avx f16c rdrand lahf_lm cpuid_fault epb pti ssbd ibrs ibpb stibp tpr_shadow vnmi flexpriority ept vpid fsgsbase smep erms xsaveopt dtherm ida arat pln pts flush_l1d
bugs		: cpu_meltdown spectre_v1 spectre_v2 spec_store_bypass l1tf
bogomips	: 4791.66
clflush size	: 64
cache_alignment	: 64
address sizes	: 36 bits physical, 48 bits virtual
power management:

processor	: 2
vendor_id	: GenuineIntel
cpu family	: 6
model		: 58
model name	: Intel(R) Core(TM) i7-3630QM CPU @ 2.40GHz
stepping	: 9
microcode	: 0x20
cpu MHz		: 1993.602
cache size	: 6144 KB
physical id	: 0
siblings	: 8
core id		: 2
cpu cores	: 4
apicid		: 4
initial apicid	: 4
fpu		: yes
fpu_exception	: yes
cpuid level	: 13
wp		: yes
flags		: fpu vme de pse tsc msr pae mce cx8 apic sep mtrr pge mca cmov pat pse36 clflush dts acpi mmx fxsr sse sse2 ss ht tm pbe syscall nx rdtscp lm constant_tsc arch_perfmon pebs bts rep_good nopl xtopology nonstop_tsc cpuid aperfmperf pni pclmulqdq dtes64 monitor ds_cpl vmx est tm2 ssse3 cx16 xtpr pdcm pcid sse4_1 sse4_2 x2apic popcnt tsc_deadline_timer aes xsave avx f16c rdrand lahf_lm cpuid_fault epb pti ssbd ibrs ibpb stibp tpr_shadow vnmi flexpriority ept vpid fsgsbase smep erms xsaveopt dtherm ida arat pln pts flush_l1d
bugs		: cpu_meltdown spectre_v1 spectre_v2 spec_store_bypass l1tf
bogomips	: 4791.66
clflush size	: 64
cache_alignment	: 64
address sizes	: 36 bits physical, 48 bits virtual
power management:

processor	: 3
vendor_id	: GenuineIntel
cpu family	: 6
model		: 58
model name	: Intel(R) Core(TM) i7-3630QM CPU @ 2.40GHz
stepping	: 9
microcode	: 0x20
cpu MHz		: 1923.549
cache size	: 6144 KB
physical id	: 0
siblings	: 8
core id		: 3
cpu cores	: 4
apicid		: 6
initial apicid	: 6
fpu		: yes
fpu_exception	: yes
cpuid level	: 13
wp		: yes
flags		: fpu vme de pse tsc msr pae mce cx8 apic sep mtrr pge mca cmov pat pse36 clflush dts acpi mmx fxsr sse sse2 ss ht tm pbe syscall nx rdtscp lm constant_tsc arch_perfmon pebs bts rep_good nopl xtopology nonstop_tsc cpuid aperfmperf pni pclmulqdq dtes64 monitor ds_cpl vmx est tm2 ssse3 cx16 xtpr pdcm pcid sse4_1 sse4_2 x2apic popcnt tsc_deadline_timer aes xsave avx f16c rdrand lahf_lm cpuid_fault epb pti ssbd ibrs ibpb stibp tpr_shadow vnmi flexpriority ept vpid fsgsbase smep erms xsaveopt dtherm ida arat pln pts flush_l1d
bugs		: cpu_meltdown spectre_v1 spectre_v2 spec_store_bypass l1tf
bogomips	: 4791.66
clflush size	: 64
cache_alignment	: 64
address sizes	: 36 bits physical, 48 bits virtual
power management:

processor	: 4
vendor_id	: GenuineIntel
cpu family	: 6
model		: 58
model name	: Intel(R) Core(TM) i7-3630QM CPU @ 2.40GHz
stepping	: 9
microcode	: 0x20
cpu MHz		: 2061.858
cache size	: 6144 KB
physical id	: 0
siblings	: 8
core id		: 0
cpu cores	: 4
apicid		: 1
initial apicid	: 1
fpu		: yes
fpu_exception	: yes
cpuid level	: 13
wp		: yes
flags		: fpu vme de pse tsc msr pae mce cx8 apic sep mtrr pge mca cmov pat pse36 clflush dts acpi mmx fxsr sse sse2 ss ht tm pbe syscall nx rdtscp lm constant_tsc arch_perfmon pebs bts rep_good nopl xtopology nonstop_tsc cpuid aperfmperf pni pclmulqdq dtes64 monitor ds_cpl vmx est tm2 ssse3 cx16 xtpr pdcm pcid sse4_1 sse4_2 x2apic popcnt tsc_deadline_timer aes xsave avx f16c rdrand lahf_lm cpuid_fault epb pti ssbd ibrs ibpb stibp tpr_shadow vnmi flexpriority ept vpid fsgsbase smep erms xsaveopt dtherm ida arat pln pts flush_l1d
bugs		: cpu_meltdown spectre_v1 spectre_v2 spec_store_bypass l1tf
bogomips	: 4791.66
clflush size	: 64
cache_alignment	: 64
address sizes	: 36 bits physical, 48 bits virtual
power management:

processor	: 5
vendor_id	: GenuineIntel
cpu family	: 6
model		: 58
model name	: Intel(R) Core(TM) i7-3630QM CPU @ 2.40GHz
stepping	: 9
microcode	: 0x20
cpu MHz		: 2054.685
cache size	: 6144 KB
physical id	: 0
siblings	: 8
core id		: 1
cpu cores	: 4
apicid		: 3
initial apicid	: 3
fpu		: yes
fpu_exception	: yes
cpuid level	: 13
wp		: yes
flags		: fpu vme de pse tsc msr pae mce cx8 apic sep mtrr pge mca cmov pat pse36 clflush dts acpi mmx fxsr sse sse2 ss ht tm pbe syscall nx rdtscp lm constant_tsc arch_perfmon pebs bts rep_good nopl xtopology nonstop_tsc cpuid aperfmperf pni pclmulqdq dtes64 monitor ds_cpl vmx est tm2 ssse3 cx16 xtpr pdcm pcid sse4_1 sse4_2 x2apic popcnt tsc_deadline_timer aes xsave avx f16c rdrand lahf_lm cpuid_fault epb pti ssbd ibrs ibpb stibp tpr_shadow vnmi flexpriority ept vpid fsgsbase smep erms xsaveopt dtherm ida arat pln pts flush_l1d
bugs		: cpu_meltdown spectre_v1 spectre_v2 spec_store_bypass l1tf
bogomips	: 4791.66
clflush size	: 64
cache_alignment	: 64
address sizes	: 36 bits physical, 48 bits virtual
power management:

processor	: 6
vendor_id	: GenuineIntel
cpu family	: 6
model		: 58
model name	: Intel(R) Core(TM) i7-3630QM CPU @ 2.40GHz
stepping	: 9
microcode	: 0x20
cpu MHz		: 1995.481
cache size	: 6144 KB
physical id	: 0
siblings	: 8
core id		: 2
cpu cores	: 4
apicid		: 5
initial apicid	: 5
fpu		: yes
fpu_exception	: yes
cpuid level	: 13
wp		: yes
flags		: fpu vme de pse tsc msr pae mce cx8 apic sep mtrr pge mca cmov pat pse36 clflush dts acpi mmx fxsr sse sse2 ss ht tm pbe syscall nx rdtscp lm constant_tsc arch_perfmon pebs bts rep_good nopl xtopology nonstop_tsc cpuid aperfmperf pni pclmulqdq dtes64 monitor ds_cpl vmx est tm2 ssse3 cx16 xtpr pdcm pcid sse4_1 sse4_2 x2apic popcnt tsc_deadline_timer aes xsave avx f16c rdrand lahf_lm cpuid_fault epb pti ssbd ibrs ibpb stibp tpr_shadow vnmi flexpriority ept vpid fsgsbase smep erms xsaveopt dtherm ida arat pln pts flush_l1d
bugs		: cpu_meltdown spectre_v1 spectre_v2 spec_store_bypass l1tf
bogomips	: 4791.66
clflush size	: 64
cache_alignment	: 64
address sizes	: 36 bits physical, 48 bits virtual
power management:

processor	: 7
vendor_id	: GenuineIntel
cpu family	: 6
model		: 58
model name	: Intel(R) Core(TM) i7-3630QM CPU @ 2.40GHz
stepping	: 9
microcode	: 0x20
cpu MHz		: 2059.255
cache size	: 6144 KB
physical id	: 0
siblings	: 8
core id		: 3
cpu cores	: 4
apicid		: 7
initial apicid	: 7
fpu		: yes
fpu_exception	: yes
cpuid level	: 13
wp		: yes
flags		: fpu vme de pse tsc msr pae mce cx8 apic sep mtrr pge mca cmov pat pse36 clflush dts acpi mmx fxsr sse sse2 ss ht tm pbe syscall nx rdtscp lm constant_tsc arch_perfmon pebs bts rep_good nopl xtopology nonstop_tsc cpuid aperfmperf pni pclmulqdq dtes64 monitor ds_cpl vmx est tm2 ssse3 cx16 xtpr pdcm pcid sse4_1 sse4_2 x2apic popcnt tsc_deadline_timer aes xsave avx f16c rdrand lahf_lm cpuid_fault epb pti ssbd ibrs ibpb stibp tpr_shadow vnmi flexpriority ept vpid fsgsbase smep erms xsaveopt dtherm ida arat pln pts flush_l1d
bugs		: cpu_meltdown spectre_v1 spectre_v2 spec_store_bypass l1tf
bogomips	: 4791.66
clflush size	: 64
cache_alignment	: 64
address sizes	: 36 bits physical, 48 bits virtual
power management:



Memory: 4k page, physical 3922796k(107184k free), swap 0k(0k free)

vm_info: OpenJDK 64-Bit Server VM (25.212-b01) for linux-amd64 JRE (1.8.0_212-b01), built on Mar 21 2019 23:20:35 by "builduser" with gcc 8.2.1 20181127

time: Sun May  5 12:33:28 2019
timezone: -03
elapsed time: 21 seconds (0d 0h 0m 21s)

